<?xml version="1.0" encoding="UTF-8"?>
<testsuite xmlns:xsi="http://www.w3.org/2001/XMLSchema-instance" xsi:noNamespaceSchemaLocation="https://maven.apache.org/surefire/maven-surefire-plugin/xsd/surefire-test-report-3.0.xsd" version="3.0" name="nl.bsn.BsnValidatorTest$ValidCases" time="0.009" tests="4" errors="0" skipped="0" failures="0">
  <properties>
[...]
</properties>
  <testcase name="validSamplesPass(String)[1]" classname="nl.bsn.BsnValidatorTest$ValidCases" time="0.002"/>
  <testcase name="validSamplesPass(String)[2]" classname="nl.bsn.BsnValidatorTest$ValidCases" time="0.0"/>
  <testcase name="validSamplesPass(String)[3]" classname="nl.bsn.BsnValidatorTest$ValidCases" time="0.001"/>
  <testcase name="eightDigitInputsPass(String)[1]" classname="nl.bsn.BsnValidatorTest$ValidCases" time="0.0"/>
</testsuite>